{
  "RSpec": {
    "coverage": {
      "/Users/annalaisegibbons/Projects/bank_tech_test/spec/account_spec.rb": [
        1,
        8,
        null,
        1,
        1,
        1,
        null,
        1,
        1,
        null,
        1,
        1,
        null,
        null,
        null,
        1,
        1,
        2,
        null,
        1,
        1,
        null,
        1,
        1,
        null,
        null,
        null,
        1,
        1,
        2,
        2,
        null,
        1,
        1,
        null,
        1,
        1,
        null,
        null,
        null,
        null
      ],
      "/Users/annalaisegibbons/Projects/bank_tech_test/spec/balance_spec.rb": [

      ],
      "/Users/annalaisegibbons/Projects/bank_tech_test/spec/statement_spec.rb": [

      ],
      "/Users/annalaisegibbons/Projects/bank_tech_test/spec/withdrawal_spec.rb": [

      ],
      "/Users/annalaisegibbons/Projects/bank_tech_test/spec/factories.rb": [
        1,
        1,
        1,
        1,
        null,
        null
      ]
    },
    "timestamp": 1504535630
  }
}
